<?xml version="1.0" encoding="UTF-8"?>
<testsuite name="RomanNumbersShould" tests="18" skipped="0" failures="0" errors="0" timestamp="2020-02-03T11:56:08" hostname="MacBook-Pro-de-Kristian.local" time="0.042">
  <properties/>
  <testcase name="[0] 1,I (convert_decimals_to_roman_numbers)" classname="RomanNumbersShould" time="0.001"/>
  <testcase name="[1] 2,II (convert_decimals_to_roman_numbers)" classname="RomanNumbersShould" time="0.0"/>
  <testcase name="[2] 3,III (convert_decimals_to_roman_numbers)" classname="RomanNumbersShould" time="0.0"/>
  <testcase name="[3] 4,IV (convert_decimals_to_roman_numbers)" classname="RomanNumbersShould" time="0.0"/>
  <testcase name="[4] 5,V (convert_decimals_to_roman_numbers)" classname="RomanNumbersShould" time="0.0"/>
  <testcase name="[5] 6,VI (convert_decimals_to_roman_numbers)" classname="RomanNumbersShould" time="0.0"/>
  <testcase name="[6] 7,VII (convert_decimals_to_roman_numbers)" classname="RomanNumbersShould" time="0.0"/>
  <testcase name="[7] 8,VIII (convert_decimals_to_roman_numbers)" classname="RomanNumbersShould" time="0.0"/>
  <testcase name="[8] 9,IX (convert_decimals_to_roman_numbers)" classname="RomanNumbersShould" time="0.0"/>
  <testcase name="[9] 10,X (convert_decimals_to_roman_numbers)" classname="RomanNumbersShould" time="0.001"/>
  <testcase name="[10] 11,XI (convert_decimals_to_roman_numbers)" classname="RomanNumbersShould" time="0.0"/>
  <testcase name="[11] 14,XIV (convert_decimals_to_roman_numbers)" classname="RomanNumbersShould" time="0.0"/>
  <testcase name="[12] 15,XV (convert_decimals_to_roman_numbers)" classname="RomanNumbersShould" time="0.0"/>
  <testcase name="[13] 16,XVI (convert_decimals_to_roman_numbers)" classname="RomanNumbersShould" time="0.0"/>
  <testcase name="[14] 20,XX (convert_decimals_to_roman_numbers)" classname="RomanNumbersShould" time="0.0"/>
  <testcase name="[15] 23,XXIII (convert_decimals_to_roman_numbers)" classname="RomanNumbersShould" time="0.001"/>
  <testcase name="[16] 26,XXVI (convert_decimals_to_roman_numbers)" classname="RomanNumbersShould" time="0.0"/>
  <testcase name="[17] 30,XXX (convert_decimals_to_roman_numbers)" classname="RomanNumbersShould" time="0.0"/>
  <system-out><![CDATA[]]></system-out>
  <system-err><![CDATA[]]></system-err>
</testsuite>
