<?xml version="1.0" encoding="UTF-8"?>
<testsuite name="RomanNumbersShould" tests="1" skipped="0" failures="0" errors="0" timestamp="2020-02-03T10:24:50" hostname="MacBook-Pro-de-Kristian.local" time="0.001">
  <properties/>
  <testcase name="convert_number_four_to_IV" classname="RomanNumbersShould" time="0.001"/>
  <system-out><![CDATA[]]></system-out>
  <system-err><![CDATA[]]></system-err>
</testsuite>
