<?xml version="1.0" encoding="UTF-8"?>
<testsuite name="RomanNumbersShould" tests="2" skipped="0" failures="0" errors="0" timestamp="2020-02-03T10:10:30" hostname="MacBook-Pro-de-Kristian.local" time="0.002">
  <properties/>
  <testcase name="convert_number_two_to_II" classname="RomanNumbersShould" time="0.002"/>
  <testcase name="convert_number_one_to_I" classname="RomanNumbersShould" time="0.0"/>
  <system-out><![CDATA[]]></system-out>
  <system-err><![CDATA[]]></system-err>
</testsuite>
